#! /c/Source/iverilog-install/bin/vvp
:ivl_version "12.0 (devel)" "(s20150603-1110-g18392a46)";
:ivl_delay_selection "TYPICAL";
:vpi_time_precision + 0;
:vpi_module "C:\iverilog\lib\ivl\system.vpi";
:vpi_module "C:\iverilog\lib\ivl\vhdl_sys.vpi";
:vpi_module "C:\iverilog\lib\ivl\vhdl_textio.vpi";
:vpi_module "C:\iverilog\lib\ivl\v2005_math.vpi";
:vpi_module "C:\iverilog\lib\ivl\va_math.vpi";
S_000001f6a44c2ce0 .scope module, "renderer" "renderer" 2 1;
 .timescale 0 0;
    .port_info 0 /INPUT 1 "rst";
    .port_info 1 /INPUT 10 "x";
    .port_info 2 /INPUT 10 "y";
    .port_info 3 /INPUT 10 "lx";
    .port_info 4 /INPUT 10 "ly";
    .port_info 5 /INPUT 1 "render";
    .port_info 6 /INPUT 1 "mode";
    .port_info 7 /INPUT 1 "highlight";
    .port_info 8 /INPUT 1 "blanking";
    .port_info 9 /OUTPUT 12 "rgb";
o000001f6a44f7fd8 .functor BUFZ 1, C4<z>; HiZ drive
v000001f6a44c33b0_0 .net "blanking", 0 0, o000001f6a44f7fd8;  0 drivers
v000001f6a44c2e70_0 .var "blue", 3 0;
v000001f6a44c2f10_0 .var "green", 3 0;
o000001f6a44f8068 .functor BUFZ 1, C4<z>; HiZ drive
v000001f6a44c2fb0_0 .net "highlight", 0 0, o000001f6a44f8068;  0 drivers
o000001f6a44f8098 .functor BUFZ 10, C4<zzzzzzzzzz>; HiZ drive
v000001f6a44c3050_0 .net "lx", 9 0, o000001f6a44f8098;  0 drivers
o000001f6a44f80c8 .functor BUFZ 10, C4<zzzzzzzzzz>; HiZ drive
v000001f6a44c30f0_0 .net "ly", 9 0, o000001f6a44f80c8;  0 drivers
o000001f6a44f80f8 .functor BUFZ 1, C4<z>; HiZ drive
v000001f6a453ac40_0 .net "mode", 0 0, o000001f6a44f80f8;  0 drivers
v000001f6a453ace0_0 .var "red", 3 0;
o000001f6a44f8158 .functor BUFZ 1, C4<z>; HiZ drive
v000001f6a453ad80_0 .net "render", 0 0, o000001f6a44f8158;  0 drivers
v000001f6a44f4670_0 .net "rgb", 11 0, L_000001f6a44f48f0;  1 drivers
o000001f6a44f81b8 .functor BUFZ 1, C4<z>; HiZ drive
v000001f6a44f4710_0 .net "rst", 0 0, o000001f6a44f81b8;  0 drivers
o000001f6a44f81e8 .functor BUFZ 10, C4<zzzzzzzzzz>; HiZ drive
v000001f6a44f47b0_0 .net "x", 9 0, o000001f6a44f81e8;  0 drivers
o000001f6a44f8218 .functor BUFZ 10, C4<zzzzzzzzzz>; HiZ drive
v000001f6a44f4850_0 .net "y", 9 0, o000001f6a44f8218;  0 drivers
E_000001f6a44a9870 .event anyedge, v000001f6a44f4850_0, v000001f6a44f47b0_0;
L_000001f6a44f48f0 .concat [ 4 4 4 0], v000001f6a44c2e70_0, v000001f6a44c2f10_0, v000001f6a453ace0_0;
    .scope S_000001f6a44c2ce0;
T_0 ;
    %wait E_000001f6a44a9870;
    %load/vec4 v000001f6a44c33b0_0;
    %nor/r;
    %flag_set/vec4 8;
    %jmp/0xz  T_0.0, 8;
    %load/vec4 v000001f6a453ad80_0;
    %flag_set/vec4 8;
    %jmp/0xz  T_0.2, 8;
    %pushi/vec4 0, 0, 4;
    %store/vec4 v000001f6a453ace0_0, 0, 4;
    %pushi/vec4 0, 0, 4;
    %store/vec4 v000001f6a44c2f10_0, 0, 4;
    %pushi/vec4 0, 0, 4;
    %store/vec4 v000001f6a44c2e70_0, 0, 4;
    %load/vec4 v000001f6a44c2fb0_0;
    %flag_set/vec4 8;
    %jmp/0xz  T_0.4, 8;
    %load/vec4 v000001f6a453ace0_0;
    %addi 15, 0, 4;
    %store/vec4 v000001f6a453ace0_0, 0, 4;
    %load/vec4 v000001f6a44c2f10_0;
    %addi 15, 0, 4;
    %store/vec4 v000001f6a44c2f10_0, 0, 4;
    %load/vec4 v000001f6a44c2e70_0;
    %addi 15, 0, 4;
    %store/vec4 v000001f6a44c2e70_0, 0, 4;
T_0.4 ;
    %jmp T_0.3;
T_0.2 ;
    %pushi/vec4 8, 0, 4;
    %store/vec4 v000001f6a453ace0_0, 0, 4;
    %pushi/vec4 8, 0, 4;
    %store/vec4 v000001f6a44c2f10_0, 0, 4;
    %pushi/vec4 8, 0, 4;
    %store/vec4 v000001f6a44c2e70_0, 0, 4;
T_0.3 ;
    %jmp T_0.1;
T_0.0 ;
    %pushi/vec4 0, 0, 4;
    %store/vec4 v000001f6a453ace0_0, 0, 4;
    %pushi/vec4 0, 0, 4;
    %store/vec4 v000001f6a44c2f10_0, 0, 4;
    %pushi/vec4 0, 0, 4;
    %store/vec4 v000001f6a44c2e70_0, 0, 4;
T_0.1 ;
    %jmp T_0;
    .thread T_0, $push;
# The file index is used to find the file name in the following table.
:file_names 3;
    "N/A";
    "<interactive>";
    ".\renderer.v";
